24.01.2025 13:09:02: Requested extended system info
24.01.2025 13:09:07: Requested extended system info
24.01.2025 13:09:13: Requested extended system info
24.01.2025 13:09:18: Requested extended system info
24.01.2025 13:09:23: Requested extended system info
24.01.2025 13:09:28: Requested extended system info
24.01.2025 13:09:33: Requested extended system info
24.01.2025 13:09:37: Requested basic system stats
24.01.2025 13:09:38: Requested extended system info
24.01.2025 13:09:43: Requested extended system info
24.01.2025 13:09:48: Requested running processes list
24.01.2025 13:09:48: Requested extended system info
24.01.2025 13:09:53: Requested extended system info
24.01.2025 13:09:59: Requested extended system info
24.01.2025 13:10:04: Requested extended system info
24.01.2025 13:10:09: Requested extended system info
24.01.2025 13:10:14: Requested extended system info
24.01.2025 13:10:19: Requested extended system info
24.01.2025 13:10:22: Requested running processes list
24.01.2025 13:10:24: Requested extended system info
24.01.2025 13:10:29: Requested extended system info
24.01.2025 13:10:34: Requested extended system info
24.01.2025 13:10:39: Requested extended system info
24.01.2025 13:10:45: Requested extended system info
24.01.2025 13:10:50: Requested extended system info
24.01.2025 13:10:55: Requested extended system info
24.01.2025 13:11:00: Requested extended system info
24.01.2025 13:11:05: Requested extended system info
24.01.2025 13:11:10: Requested extended system info
24.01.2025 13:11:15: Requested extended system info
24.01.2025 13:11:20: Requested extended system info
24.01.2025 13:11:26: Requested extended system info
24.01.2025 13:11:31: Requested extended system info
24.01.2025 13:11:36: Requested extended system info
24.01.2025 13:11:41: Requested extended system info
24.01.2025 13:11:46: Requested extended system info
24.01.2025 13:11:51: Requested extended system info
24.01.2025 13:11:56: Requested extended system info
24.01.2025 13:12:01: Requested extended system info
24.01.2025 13:12:06: Requested extended system info
24.01.2025 13:12:12: Requested extended system info
24.01.2025 13:12:17: Requested extended system info
24.01.2025 13:12:22: Requested extended system info
24.01.2025 13:12:27: Requested extended system info
24.01.2025 13:12:32: Requested extended system info
24.01.2025 13:12:37: Requested extended system info
24.01.2025 13:12:42: Requested extended system info
24.01.2025 13:12:47: Requested extended system info
24.01.2025 13:12:52: Requested extended system info
24.01.2025 13:12:58: Requested extended system info
24.01.2025 13:13:03: Requested extended system info
24.01.2025 13:13:08: Requested extended system info
24.01.2025 13:13:13: Requested extended system info
24.01.2025 13:13:18: Requested extended system info
24.01.2025 13:13:23: Requested extended system info
24.01.2025 13:13:28: Requested extended system info
24.01.2025 13:13:33: Requested extended system info
24.01.2025 13:13:38: Requested extended system info
24.01.2025 13:13:44: Requested extended system info
24.01.2025 13:13:49: Requested extended system info
24.01.2025 13:13:54: Requested extended system info
24.01.2025 13:13:59: Requested extended system info
24.01.2025 13:14:04: Requested extended system info
24.01.2025 13:14:09: Requested extended system info
24.01.2025 13:14:14: Requested extended system info
24.01.2025 13:14:19: Requested extended system info
24.01.2025 13:14:25: Requested extended system info
24.01.2025 13:14:30: Requested extended system info
24.01.2025 13:14:35: Requested extended system info
24.01.2025 13:14:40: Requested extended system info
24.01.2025 13:14:45: Requested extended system info
24.01.2025 13:14:50: Requested extended system info
24.01.2025 13:14:55: Requested extended system info
24.01.2025 13:15:00: Requested extended system info
24.01.2025 13:15:06: Requested extended system info
24.01.2025 13:15:11: Requested extended system info
24.01.2025 13:15:16: Requested extended system info
24.01.2025 13:15:21: Requested extended system info
24.01.2025 13:15:26: Requested extended system info
24.01.2025 13:15:31: Requested extended system info
24.01.2025 13:15:36: Requested extended system info
24.01.2025 13:15:41: Requested extended system info
24.01.2025 13:15:47: Requested extended system info
24.01.2025 13:15:52: Requested extended system info
24.01.2025 13:15:57: Requested extended system info
24.01.2025 13:16:02: Requested extended system info
24.01.2025 13:16:07: Requested extended system info
24.01.2025 13:16:12: Requested extended system info
24.01.2025 13:16:17: Requested extended system info
24.01.2025 13:16:22: Requested extended system info
24.01.2025 13:16:27: Requested extended system info
24.01.2025 13:16:33: Requested extended system info
24.01.2025 13:16:38: Requested extended system info
24.01.2025 13:16:43: Requested extended system info
24.01.2025 13:16:48: Requested extended system info
24.01.2025 13:16:53: Requested extended system info
24.01.2025 13:16:58: Requested extended system info
24.01.2025 13:17:03: Requested extended system info
24.01.2025 13:17:08: Requested extended system info
24.01.2025 13:17:09: Requested running processes list
24.01.2025 13:17:14: Requested extended system info
24.01.2025 13:17:19: Requested extended system info
24.01.2025 13:17:24: Requested extended system info
24.01.2025 13:17:29: Requested extended system info
24.01.2025 13:17:34: Requested extended system info
24.01.2025 13:17:39: Requested extended system info
24.01.2025 13:17:44: Requested extended system info
24.01.2025 13:17:49: Requested extended system info
24.01.2025 13:17:54: Requested extended system info
24.01.2025 13:18:00: Requested extended system info
24.01.2025 13:18:05: Requested extended system info
24.01.2025 13:18:10: Requested extended system info
24.01.2025 13:18:15: Requested extended system info
24.01.2025 13:18:20: Requested extended system info
24.01.2025 13:18:25: Requested extended system info
24.01.2025 13:18:30: Requested extended system info
24.01.2025 13:18:35: Requested extended system info
24.01.2025 13:18:41: Requested extended system info
24.01.2025 13:18:46: Requested extended system info
24.01.2025 13:18:51: Requested extended system info
24.01.2025 13:18:56: Requested extended system info
24.01.2025 13:19:01: Requested extended system info
24.01.2025 13:19:06: Requested extended system info
24.01.2025 13:19:11: Requested extended system info
24.01.2025 13:19:16: Requested extended system info
24.01.2025 13:19:21: Requested extended system info
24.01.2025 13:19:27: Requested extended system info
24.01.2025 13:19:32: Requested extended system info
24.01.2025 13:19:37: Requested extended system info
24.01.2025 13:19:42: Requested extended system info
24.01.2025 13:19:47: Requested extended system info
24.01.2025 13:19:52: Requested extended system info
24.01.2025 13:19:57: Requested extended system info
24.01.2025 13:20:02: Requested extended system info
24.01.2025 13:22:14: Requested extended system info
24.01.2025 13:22:20: Requested extended system info
24.01.2025 13:22:37: Requested running processes list
24.01.2025 13:22:38: Requested extended system info
24.01.2025 13:22:43: Requested extended system info
24.01.2025 13:22:48: Requested extended system info
24.01.2025 13:22:53: Requested extended system info
24.01.2025 13:22:59: Requested extended system info
24.01.2025 13:23:01: Requested running processes list
24.01.2025 13:23:04: Requested extended system info
24.01.2025 13:23:09: Requested extended system info
24.01.2025 13:23:14: Requested extended system info
24.01.2025 13:23:19: Requested extended system info
24.01.2025 13:23:24: Requested extended system info
24.01.2025 13:23:29: Requested extended system info
24.01.2025 13:23:34: Requested extended system info
24.01.2025 13:23:39: Requested extended system info
24.01.2025 13:23:45: Requested extended system info
24.01.2025 13:23:50: Requested extended system info
24.01.2025 13:23:55: Requested extended system info
24.01.2025 13:24:00: Requested extended system info
24.01.2025 13:24:05: Requested extended system info
24.01.2025 13:24:10: Requested extended system info
24.01.2025 13:26:21: Requested extended system info
24.01.2025 13:26:27: Requested extended system info
24.01.2025 13:26:32: Requested extended system info
24.01.2025 13:26:37: Requested extended system info
24.01.2025 13:26:42: Requested extended system info
24.01.2025 13:26:47: Requested extended system info
24.01.2025 13:26:52: Requested extended system info
24.01.2025 13:26:57: Requested extended system info
24.01.2025 13:27:02: Requested extended system info
24.01.2025 13:27:08: Requested extended system info
24.01.2025 13:27:13: Requested extended system info
24.01.2025 13:27:18: Requested extended system info
24.01.2025 13:27:23: Requested extended system info
24.01.2025 13:27:28: Requested extended system info
24.01.2025 13:27:41: Requested extended system info
24.01.2025 13:27:46: Requested extended system info
24.01.2025 13:27:51: Requested extended system info
24.01.2025 13:27:56: Requested extended system info
24.01.2025 13:29:36: Requested extended system info
24.01.2025 13:29:41: Requested extended system info
24.01.2025 13:30:11: Requested extended system info
24.01.2025 13:31:24: Requested extended system info
24.01.2025 13:31:29: Requested extended system info
24.01.2025 13:31:32: Requested basic system stats
24.01.2025 13:31:34: Requested extended system info
24.01.2025 13:31:39: Requested extended system info
24.01.2025 13:31:44: Requested extended system info
24.01.2025 13:31:50: Requested extended system info
24.01.2025 13:31:55: Requested extended system info
24.01.2025 13:32:00: Requested extended system info
24.01.2025 13:32:05: Requested extended system info
24.01.2025 13:32:10: Requested extended system info
24.01.2025 13:32:15: Requested extended system info
24.01.2025 13:32:20: Requested extended system info
24.01.2025 13:32:26: Requested extended system info
24.01.2025 13:32:31: Requested extended system info
24.01.2025 13:32:36: Requested extended system info
24.01.2025 13:32:41: Requested extended system info
24.01.2025 13:32:46: Requested extended system info
24.01.2025 13:32:51: Requested extended system info
24.01.2025 13:33:03: Requested extended system info
24.01.2025 13:33:08: Requested extended system info
24.01.2025 13:33:13: Requested extended system info
24.01.2025 13:33:18: Requested extended system info
24.01.2025 13:33:23: Requested extended system info
24.01.2025 13:33:29: Requested extended system info
24.01.2025 13:33:34: Requested extended system info
24.01.2025 13:33:39: Requested extended system info
24.01.2025 13:33:44: Requested extended system info
24.01.2025 13:35:12: Requested extended system info
24.01.2025 13:35:17: Requested extended system info
24.01.2025 13:35:20: Update interval changed to 10 ms
24.01.2025 13:35:22: Requested extended system info
24.01.2025 13:35:32: Requested extended system info
24.01.2025 13:35:42: Requested extended system info
24.01.2025 13:39:20: Requested extended system info
24.01.2025 13:41:32: Requested running processes with filter: 1
24.01.2025 13:41:36: Requested extended system info
24.01.2025 13:47:58: Requested running processes with filter: 1
24.01.2025 13:48:06: Requested extended system info
24.01.2025 13:48:15: Requested running processes with filter: telegram
24.01.2025 13:48:16: Requested extended system info
24.01.2025 13:48:26: Requested extended system info
24.01.2025 13:49:36: Requested running processes with filter: 2
24.01.2025 13:49:41: Requested running processes with filter: 1
24.01.2025 13:49:44: Requested extended system info
24.01.2025 13:50:09: Requested running processes list
24.01.2025 13:50:18: Requested extended system info
24.01.2025 13:50:23: Requested running processes with filter: 26604
24.01.2025 13:50:28: Requested extended system info
24.01.2025 13:50:38: Requested extended system info
24.01.2025 13:50:48: Requested extended system info
24.01.2025 13:50:58: Requested extended system info
24.01.2025 13:51:08: Requested extended system info
24.01.2025 14:12:39: Requested extended system info
24.01.2025 14:13:49: Requested running processes with filter: 2
24.01.2025 14:13:50: Requested extended system info
24.01.2025 14:14:00: Requested extended system info
24.01.2025 14:14:00: Requested running processes with filter: 4
24.01.2025 14:14:10: Requested extended system info
24.01.2025 14:14:38: Requested running processes with filter: 4
24.01.2025 14:14:46: Requested extended system info
24.01.2025 14:14:52: Requested running processes with filter: tele
24.01.2025 14:14:56: Requested extended system info
24.01.2025 14:15:02: Update interval changed to 20 ms
24.01.2025 14:15:06: Requested extended system info
24.01.2025 14:15:15: Requested basic system stats
